<?xml version="1.0" encoding="UTF-8"?>
<testng-results ignored="0" total="1" passed="1" failed="0" skipped="0">
  <reporter-output>
  </reporter-output>
  <suite started-at="2022-08-20T16:01:28 CEST" name="Default suite" finished-at="2022-08-20T16:01:28 CEST" duration-ms="40">
    <groups>
    </groups>
    <test started-at="2022-08-20T16:01:28 CEST" name="Default test" finished-at="2022-08-20T16:01:28 CEST" duration-ms="40">
      <class name="com.qa.test.TestClass">
        <test-method signature="test1()[pri:0, instance:com.qa.test.TestClass@47987356]" started-at="2022-08-20T16:01:28 CEST" name="test1" finished-at="2022-08-20T16:01:28 CEST" duration-ms="10" status="PASS">
          <reporter-output>
          </reporter-output>
        </test-method> <!-- test1 -->
      </class> <!-- com.qa.test.TestClass -->
    </test> <!-- Default test -->
  </suite> <!-- Default suite -->
</testng-results>
